<?xml version="1.0" encoding="UTF-8"?>
<testng-results skipped="0" failed="0" ignored="0" total="2" passed="2">
  <reporter-output>
  </reporter-output>
  <suite name="Default suite" duration-ms="23450" started-at="2020-12-29T12:25:47Z" finished-at="2020-12-29T12:26:10Z">
    <groups>
    </groups>
    <test name="Default test" duration-ms="23450" started-at="2020-12-29T12:25:47Z" finished-at="2020-12-29T12:26:10Z">
      <class name="org.test.TestSuite">
        <test-method status="PASS" signature="browserLaunch()[pri:0, instance:org.test.TestSuite@59fa1d9b]" name="browserLaunch" is-config="true" duration-ms="14223" started-at="2020-12-29T12:25:32Z" finished-at="2020-12-29T12:25:47Z">
          <reporter-output>
          </reporter-output>
        </test-method> <!-- browserLaunch -->
        <test-method status="PASS" signature="login()[pri:-1, instance:org.test.TestSuite@59fa1d9b]" name="login" duration-ms="7914" started-at="2020-12-29T12:25:47Z" finished-at="2020-12-29T12:25:54Z">
          <reporter-output>
          </reporter-output>
        </test-method> <!-- login -->
        <test-method status="PASS" signature="homePage()[pri:0, instance:org.test.TestSuite@59fa1d9b]" name="homePage" duration-ms="15521" started-at="2020-12-29T12:25:54Z" finished-at="2020-12-29T12:26:10Z">
          <reporter-output>
          </reporter-output>
        </test-method> <!-- homePage -->
      </class> <!-- org.test.TestSuite -->
    </test> <!-- Default test -->
  </suite> <!-- Default suite -->
</testng-results>
